<?xml version="1.0" encoding="UTF-8"?>
<testng-results ignored="0" total="1" passed="1" failed="0" skipped="0">
  <reporter-output>
  </reporter-output>
  <suite started-at="2021-09-24T17:59:05 IST" name="Default suite" finished-at="2021-09-24T17:59:25 IST" duration-ms="20418">
    <groups>
    </groups>
    <test started-at="2021-09-24T17:59:05 IST" name="Default test" finished-at="2021-09-24T17:59:25 IST" duration-ms="20418">
      <class name="TestCases.IntelyEdu.HomePageTest">
        <test-method is-config="true" signature="initiallize()[pri:0, instance:TestCases.IntelyEdu.HomePageTest@5ad10c1a]" started-at="2021-09-24T17:59:05 IST" name="initiallize" finished-at="2021-09-24T17:59:16 IST" duration-ms="11153" status="PASS">
          <reporter-output>
          </reporter-output>
        </test-method> <!-- initiallize -->
        <test-method signature="validInputs()[pri:0, instance:TestCases.IntelyEdu.HomePageTest@5ad10c1a]" started-at="2021-09-24T17:59:16 IST" name="validInputs" finished-at="2021-09-24T17:59:25 IST" duration-ms="9115" status="PASS">
          <reporter-output>
          </reporter-output>
        </test-method> <!-- validInputs -->
        <test-method is-config="true" signature="teardown()[pri:0, instance:TestCases.IntelyEdu.HomePageTest@5ad10c1a]" started-at="2021-09-24T17:59:25 IST" name="teardown" finished-at="2021-09-24T17:59:25 IST" duration-ms="90" status="PASS">
          <reporter-output>
          </reporter-output>
        </test-method> <!-- teardown -->
      </class> <!-- TestCases.IntelyEdu.HomePageTest -->
    </test> <!-- Default test -->
  </suite> <!-- Default suite -->
</testng-results>
