<?xml version="1.0" encoding="UTF-8"?>
<!-- Generated by org.testng.reporters.JUnitXMLReporter -->
<testsuite ignored="0" hostname="user-PC" failures="3" tests="3" name="LPTest" time="47.726" errors="0" timestamp="2021-09-24T18:03:24 IST">
  <testcase classname="TestCases.IntelyEdu.LoginPageTest" name="invalidInputs" time="10.292">
    <failure type="junit.framework.AssertionFailedError">
      <![CDATA[junit.framework.AssertionFailedError
at junit.framework.Assert.fail(Assert.java:47)
at junit.framework.Assert.assertTrue(Assert.java:20)
at junit.framework.Assert.assertTrue(Assert.java:27)
at TestCases.IntelyEdu.LoginPageTest.invalidInputs(LoginPageTest.java:64)
at java.base/java.util.ArrayList.forEach(ArrayList.java:1540)
... Removed 31 stack frames]]>
    </failure>
  </testcase> <!-- invalidInputs -->
  <testcase classname="TestCases.IntelyEdu.LoginPageTest" name="invalidInputs" time="8.264">
    <failure type="junit.framework.AssertionFailedError">
      <![CDATA[junit.framework.AssertionFailedError
at junit.framework.Assert.fail(Assert.java:47)
at junit.framework.Assert.assertTrue(Assert.java:20)
at junit.framework.Assert.assertTrue(Assert.java:27)
at TestCases.IntelyEdu.LoginPageTest.invalidInputs(LoginPageTest.java:64)
at java.base/java.util.ArrayList.forEach(ArrayList.java:1540)
... Removed 31 stack frames]]>
    </failure>
  </testcase> <!-- invalidInputs -->
  <testcase classname="TestCases.IntelyEdu.LoginPageTest" name="invalidInputs" time="8.349">
    <failure type="junit.framework.AssertionFailedError">
      <![CDATA[junit.framework.AssertionFailedError
at junit.framework.Assert.fail(Assert.java:47)
at junit.framework.Assert.assertTrue(Assert.java:20)
at junit.framework.Assert.assertTrue(Assert.java:27)
at TestCases.IntelyEdu.LoginPageTest.invalidInputs(LoginPageTest.java:64)
at java.base/java.util.ArrayList.forEach(ArrayList.java:1540)
... Removed 31 stack frames]]>
    </failure>
  </testcase> <!-- invalidInputs -->
</testsuite> <!-- LPTest -->
