<?xml version="1.0" encoding="UTF-8"?>
<!-- Generated by org.testng.reporters.JUnitXMLReporter -->
<testsuite ignored="0" hostname="user-PC" failures="0" tests="1" name="NCSTest" time="0.014" errors="0" timestamp="2021-09-24T14:19:28 IST">
  <testcase classname="TestCases.IntelyEdu.NegClassSetupTest" name="@BeforeTest initialize" time="0.001">
    <failure type="java.io.FileNotFoundException" message="C:\Users\user\utube-workspace\IntelyEdu\src\main\java\resources\data.properties (The system cannot find the path specified)">
      <![CDATA[java.io.FileNotFoundException: C:\Users\user\utube-workspace\IntelyEdu\src\main\java\resources\data.properties (The system cannot find the path specified)
at java.base/java.io.FileInputStream.open0(Native Method)
at java.base/java.io.FileInputStream.open(FileInputStream.java:219)
at java.base/java.io.FileInputStream.<init>(FileInputStream.java:157)
at java.base/java.io.FileInputStream.<init>(FileInputStream.java:112)
at Base.base.initializeDriver(base.java:28)
at TestCases.IntelyEdu.NegClassSetupTest.initialize(NegClassSetupTest.java:28)
... Removed 24 stack frames]]>
    </failure>
  </testcase> <!-- @BeforeTest initialize -->
  <testcase classname="TestCases.IntelyEdu.NegClassSetupTest" name="@AfterTest teardown" time="-1.632473368437E9">
    <skipped/>
  </testcase> <!-- @AfterTest teardown -->
  <testcase classname="TestCases.IntelyEdu.NegClassSetupTest" name="negativeClassSetup" time="0.0">
    <skipped/>
  </testcase> <!-- negativeClassSetup -->
</testsuite> <!-- NCSTest -->
